<?xml version="1.0" encoding="UTF-8" standalone="no"?>
<!DOCTYPE log SYSTEM "logger.dtd">
<log>
<record>
  <date>2018-09-06T14:11:38.656-0300</date>
  <logger>HENRY MALDINEY DE LIRA NOBREGA FILHO</logger>
  <level>FINE</level>
  <message>File 117210389-HENRY MALDINEY DE LIRA NOBREGA FILHO.zip was received. It was sent by HENRY MALDINEY DE LIRA NOBREGA FILHO from IP 150.165.42.206</message>
</record>
</log>
<?xml version="1.0" encoding="UTF-8" standalone="no"?>
<!DOCTYPE log SYSTEM "logger.dtd">
<log>
<record>
  <date>2018-09-06T15:53:03.221-0300</date>
  <logger>HENRY MALDINEY DE LIRA NOBREGA FILHO</logger>
  <level>FINE</level>
  <message>File 117210389-HENRY MALDINEY DE LIRA NOBREGA FILHO.zip was received. It was sent by HENRY MALDINEY DE LIRA NOBREGA FILHO from IP 150.165.42.206</message>
</record>
<<<<<<< HEAD
</log>
<?xml version="1.0" encoding="UTF-8" standalone="no"?>
<!DOCTYPE log SYSTEM "logger.dtd">
<log>
<record>
  <date>2018-09-07T17:03:05.468-0300</date>
  <logger>HENRY MALDINEY DE LIRA NOBREGA FILHO</logger>
  <level>FINE</level>
  <message>File 117210389-HENRY MALDINEY DE LIRA NOBREGA FILHO.zip was received. It was sent by HENRY MALDINEY DE LIRA NOBREGA FILHO from IP 192.168.15.8</message>
</record>
=======
>>>>>>> c34e3d19a990c82b637eea86681adad09bab40c9
