<?xml version="1.0" encoding="UTF-8" standalone="no"?>
<!DOCTYPE log SYSTEM "logger.dtd">
<log>
<record>
  <date>2018-09-10T16:14:32.205-0300</date>
  <logger>HENRY MALDINEY DE LIRA NOBREGA FILHO</logger>
  <level>FINE</level>
  <message>File 117210389-HENRY MALDINEY DE LIRA NOBREGA FILHO.zip was received. It was sent by HENRY MALDINEY DE LIRA NOBREGA FILHO from IP 150.165.42.205</message>
</record>
</log>
<?xml version="1.0" encoding="UTF-8" standalone="no"?>
<!DOCTYPE log SYSTEM "logger.dtd">
<log>
<record>
  <date>2018-09-10T17:25:35.161-0300</date>
  <logger>HENRY MALDINEY DE LIRA NOBREGA FILHO</logger>
  <level>FINE</level>
  <message>File 117210389-HENRY MALDINEY DE LIRA NOBREGA FILHO.zip was received. It was sent by HENRY MALDINEY DE LIRA NOBREGA FILHO from IP 150.165.42.205</message>
</record>
</log>
<?xml version="1.0" encoding="UTF-8" standalone="no"?>
<!DOCTYPE log SYSTEM "logger.dtd">
<log>
<record>
  <date>2018-09-10T19:32:29.137-0300</date>
  <logger>HENRY MALDINEY DE LIRA NOBREGA FILHO</logger>
  <level>FINE</level>
  <message>File 117210389-HENRY MALDINEY DE LIRA NOBREGA FILHO.zip was received. It was sent by HENRY MALDINEY DE LIRA NOBREGA FILHO from IP 192.168.15.8</message>
</record>
</log>
<?xml version="1.0" encoding="UTF-8" standalone="no"?>
<!DOCTYPE log SYSTEM "logger.dtd">
<log>
<record>
  <date>2018-09-10T22:06:16.828-0300</date>
  <logger>HENRY MALDINEY DE LIRA NOBREGA FILHO</logger>
  <level>FINE</level>
  <message>File 117210389-HENRY MALDINEY DE LIRA NOBREGA FILHO.zip was received. It was sent by HENRY MALDINEY DE LIRA NOBREGA FILHO from IP 192.168.15.8</message>
</record>
</log>
<?xml version="1.0" encoding="UTF-8" standalone="no"?>
<!DOCTYPE log SYSTEM "logger.dtd">
<log>
<record>
  <date>2018-09-10T22:10:41.145-0300</date>
  <logger>HENRY MALDINEY DE LIRA NOBREGA FILHO</logger>
  <level>FINE</level>
  <message>File 117210389-HENRY MALDINEY DE LIRA NOBREGA FILHO.zip was received. It was sent by HENRY MALDINEY DE LIRA NOBREGA FILHO from IP 192.168.15.8</message>
</record>
</log>
<?xml version="1.0" encoding="UTF-8" standalone="no"?>
<!DOCTYPE log SYSTEM "logger.dtd">
<log>
<record>
  <date>2018-09-10T23:10:48.855-0300</date>
  <logger>HENRY MALDINEY DE LIRA NOBREGA FILHO</logger>
  <level>FINE</level>
  <message>File 117210389-HENRY MALDINEY DE LIRA NOBREGA FILHO.zip was received. It was sent by HENRY MALDINEY DE LIRA NOBREGA FILHO from IP 192.168.15.8</message>
</record>
</log>
<?xml version="1.0" encoding="UTF-8" standalone="no"?>
<!DOCTYPE log SYSTEM "logger.dtd">
<log>
<record>
  <date>2018-09-10T23:16:42.800-0300</date>
  <logger>HENRY MALDINEY DE LIRA NOBREGA FILHO</logger>
  <level>FINE</level>
  <message>File 117210389-HENRY MALDINEY DE LIRA NOBREGA FILHO.zip was received. It was sent by HENRY MALDINEY DE LIRA NOBREGA FILHO from IP 192.168.15.8</message>
</record>
</log>
<?xml version="1.0" encoding="UTF-8" standalone="no"?>
<!DOCTYPE log SYSTEM "logger.dtd">
<log>
<record>
  <date>2018-09-10T23:25:53.939-0300</date>
  <logger>HENRY MALDINEY DE LIRA NOBREGA FILHO</logger>
  <level>FINE</level>
  <message>File 117210389-HENRY MALDINEY DE LIRA NOBREGA FILHO.zip was received. It was sent by HENRY MALDINEY DE LIRA NOBREGA FILHO from IP 192.168.15.8</message>
</record>
