<?xml version="1.0" encoding="UTF-8" standalone="no"?>
<!DOCTYPE log SYSTEM "logger.dtd">
<log>
<record>
  <date>2018-09-13T14:18:18.449-0300</date>
  <logger>HENRY MALDINEY DE LIRA NOBREGA FILHO</logger>
  <level>FINE</level>
  <message>File 117210389-HENRY MALDINEY DE LIRA NOBREGA FILHO.zip was received. It was sent by HENRY MALDINEY DE LIRA NOBREGA FILHO from IP 150.165.42.205</message>
</record>
</log>
<?xml version="1.0" encoding="UTF-8" standalone="no"?>
<!DOCTYPE log SYSTEM "logger.dtd">
<log>
<record>
  <date>2018-09-13T15:38:30.605-0300</date>
  <logger>HENRY MALDINEY DE LIRA NOBREGA FILHO</logger>
  <level>FINE</level>
  <message>File 117210389-HENRY MALDINEY DE LIRA NOBREGA FILHO.zip was received. It was sent by HENRY MALDINEY DE LIRA NOBREGA FILHO from IP 150.165.42.205</message>
</record>
</log>
<?xml version="1.0" encoding="UTF-8" standalone="no"?>
<!DOCTYPE log SYSTEM "logger.dtd">
<log>
<record>
  <date>2018-09-13T15:39:59.959-0300</date>
  <logger>HENRY MALDINEY DE LIRA NOBREGA FILHO</logger>
  <level>FINE</level>
  <message>File 117210389-HENRY MALDINEY DE LIRA NOBREGA FILHO.zip was received. It was sent by HENRY MALDINEY DE LIRA NOBREGA FILHO from IP 150.165.42.205</message>
</record>
