<?xml version="1.0" encoding="UTF-8" standalone="no"?>
<!DOCTYPE log SYSTEM "logger.dtd">
<log>
<record>
  <date>2018-10-15T16:20:26.337-0300</date>
  <logger>HENRY MALDINEY DE LIRA NOBREGA FILHO</logger>
  <level>FINE</level>
  <message>File 117210389-HENRY MALDINEY DE LIRA NOBREGA FILHO.zip was received. It was sent by HENRY MALDINEY DE LIRA NOBREGA FILHO from IP 150.165.74.140</message>
</record>
</log>
<?xml version="1.0" encoding="UTF-8" standalone="no"?>
<!DOCTYPE log SYSTEM "logger.dtd">
<log>
<record>
  <date>2018-10-15T23:19:14.480-0300</date>
  <logger>HENRY MALDINEY DE LIRA NOBREGA FILHO</logger>
  <level>FINE</level>
  <message>File 117210389-HENRY MALDINEY DE LIRA NOBREGA FILHO.zip was received. It was sent by HENRY MALDINEY DE LIRA NOBREGA FILHO from IP 192.168.1.17</message>
</record>
</log>
<?xml version="1.0" encoding="UTF-8" standalone="no"?>
<!DOCTYPE log SYSTEM "logger.dtd">
<log>
<record>
  <date>2018-10-17T18:59:54.789-0300</date>
  <logger>HENRY MALDINEY DE LIRA NOBREGA FILHO</logger>
  <level>FINE</level>
  <message>File 117210389-HENRY MALDINEY DE LIRA NOBREGA FILHO.zip was received. It was sent by HENRY MALDINEY DE LIRA NOBREGA FILHO from IP 192.168.1.13</message>
</record>
